[2023-04-06 11:27:50] [ ERROR] [GlobalException:18] Error. No se encontro el paciente Buscado
[2023-04-06 11:28:09] [ ERROR] [GlobalException:18] Error. No se encontro el paciente Buscado
[2023-04-06 11:46:08] [ ERROR] [GlobalException:18] Error. No se encontro el paciente Buscado
[2023-04-06 12:05:10] [ ERROR] [GlobalException:26] Error. No se puede registrar turno, es necesario registrar un paciente y un odontologo
[2023-04-06 12:16:57] [ ERROR] [GlobalException:18] Error. Turno no encontrado, se requiere revisar el registro del mismo 
[2023-04-06 12:23:29] [ ERROR] [GlobalException:18] Error. No fue encontrado el turno
[2023-04-06 15:03:40] [ ERROR] [GlobalException:18] Error. Turno no encontrado, se requiere revisar el registro del mismo 
[2023-04-06 15:04:00] [ ERROR] [GlobalException:18] Error. Turno no encontrado, se requiere revisar el registro del mismo 
[2023-04-06 15:06:01] [ ERROR] [GlobalException:18] Error. Turno no encontrado, se requiere revisar el registro del mismo 
[2023-04-06 15:07:50] [ ERROR] [GlobalException:18] Error. No se puede modificar el turno, revisar registro del mismo 
[2023-04-06 15:37:35] [ ERROR] [GlobalException:18] Error. Turno no encontrado, se requiere revisar el registro del mismo 
[2023-04-06 15:37:50] [ ERROR] [GlobalException:18] Error. Turno no encontrado, se requiere revisar el registro del mismo 
[2023-04-06 15:38:03] [ ERROR] [GlobalException:18] Error. No se puede modificar el turno, revisar registro del mismo 
[2023-04-06 15:39:02] [ ERROR] [GlobalException:18] Error. Turno no encontrado, se requiere revisar el registro del mismo 
[2023-04-06 15:41:07] [ ERROR] [GlobalException:18] Error. Turno no encontrado, se requiere revisar el registro del mismo 
[2023-04-06 15:42:07] [ ERROR] [GlobalException:18] Error. Turno no encontrado, se requiere revisar el registro del mismo 
[2023-04-06 15:42:50] [ ERROR] [GlobalException:18] Error. Turno no encontrado, se requiere revisar el registro del mismo 
[2023-04-06 15:43:17] [ ERROR] [GlobalException:18] Error. Turno no encontrado, se requiere revisar el registro del mismo 
[2023-04-06 15:47:25] [ ERROR] [GlobalException:18] Error. Turno no encontrado, se requiere revisar el registro del mismo 
[2023-04-06 15:51:13] [ ERROR] [GlobalException:18] Error. No existe ningun turno registrado
[2023-04-06 15:51:50] [ ERROR] [GlobalException:18] Error. No existe ningun turno registrado
[2023-04-06 16:00:03] [ ERROR] [GlobalException:18] Error. No se puede eliminar el turno, no existe en el registro
[2023-04-07 12:17:09] [ ERROR] [GlobalException:18] Error. No se agregaron pacientes, la lista se encuentra vacia
[2023-04-07 17:34:58] [ ERROR] [GlobalException:18] Error. No existe ningun turno registrado
[2023-04-07 17:56:21] [ ERROR] [GlobalException:18] Error. No existe ningun turno registrado
[2023-04-07 18:06:18] [ ERROR] [GlobalException:18] Error. No existe ningun turno registrado
[2023-04-07 18:13:41] [ ERROR] [GlobalException:18] Error. No se agregaron pacientes, la lista se encuentra vacia
[2023-04-07 18:13:45] [ ERROR] [GlobalException:18] Error. No se agregaron pacientes, la lista se encuentra vacia
[2023-04-07 18:14:47] [ ERROR] [GlobalException:18] Error. No se agregaron pacientes, la lista se encuentra vacia
[2023-04-07 18:25:20] [ ERROR] [GlobalException:18] Error. No existe ningun turno registrado
[2023-04-07 18:27:44] [ ERROR] [GlobalException:18] Error. No se agregaron pacientes, la lista se encuentra vacia
[2023-04-07 19:14:18] [ ERROR] [GlobalException:18] Error. No se agregaron pacientes, la lista se encuentra vacia
[2023-04-07 19:31:20] [ ERROR] [GlobalException:18] Error. No se agregaron pacientes, la lista se encuentra vacia
[2023-04-07 20:09:06] [ ERROR] [GlobalException:18] Error. No se agregaron pacientes, la lista se encuentra vacia
[2023-04-07 20:10:28] [ ERROR] [GlobalException:18] Error. No se agregaron pacientes, la lista se encuentra vacia
[2023-04-07 20:27:11] [ ERROR] [GlobalException:18] Error. No se agregaron pacientes, la lista se encuentra vacia
[2023-04-07 20:27:14] [ ERROR] [GlobalException:18] Error. No se agregaron pacientes, la lista se encuentra vacia
[2023-04-07 20:27:42] [ ERROR] [GlobalException:18] Error. No existe ningun turno registrado
[2023-04-08 16:59:56] [ ERROR] [GlobalException:18] Error. No se agregaron pacientes, la lista se encuentra vacia
[2023-04-08 17:00:00] [ ERROR] [GlobalException:18] Error. No se agregaron pacientes, la lista se encuentra vacia
[2023-04-08 17:00:07] [ ERROR] [GlobalException:18] Error. No se agregaron pacientes, la lista se encuentra vacia
[2023-04-08 17:00:09] [ ERROR] [GlobalException:18] Error. No existe ningun turno registrado
[2023-04-08 17:00:56] [ ERROR] [GlobalException:18] Error. No existe ningun turno registrado
[2023-04-08 17:05:13] [ ERROR] [GlobalException:18] Error. No existe ningun turno registrado
[2023-04-08 17:06:12] [ ERROR] [GlobalException:18] Error. No se puede eliminar el turno, no existe en el registro
[2023-04-08 18:27:13] [ ERROR] [GlobalException:24] Error. No se puede eliminar el turno, no existe en el registro
[2023-04-17 18:32:13] [ ERROR] [GlobalException:24] Error. No se agregaron pacientes, la lista se encuentra vacia
[2023-04-17 19:20:11] [ ERROR] [GlobalException:15] Error. No se agregaron pacientes, la lista se encuentra vacia
[2023-04-17 19:25:16] [ ERROR] [GlobalException:15] Error. No existe ningun turno registrado
[2023-04-17 19:27:02] [ ERROR] [GlobalException:15] Error. No se agregaron pacientes, la lista se encuentra vacia
[2023-04-17 19:28:39] [ ERROR] [GlobalException:15] Error. No existe ningun turno registrado
[2023-04-17 19:31:41] [ ERROR] [GlobalException:15] Error. No existe ningun turno registrado
[2023-04-17 19:43:30] [ ERROR] [GlobalException:15] Error. No se agregaron pacientes, la lista se encuentra vacia
[2023-04-17 20:06:05] [ ERROR] [GlobalException:15] Error. No se agregaron pacientes, la lista se encuentra vacia
[2023-04-17 20:06:07] [ ERROR] [GlobalException:15] Error. No se agregaron pacientes, la lista se encuentra vacia
[2023-04-17 20:06:30] [ ERROR] [GlobalException:15] Error. No se agregaron pacientes, la lista se encuentra vacia
[2023-04-17 20:06:38] [ ERROR] [GlobalException:15] Error. No se agregaron pacientes, la lista se encuentra vacia
[2023-04-17 20:06:42] [ ERROR] [GlobalException:15] Error. No se agregaron pacientes, la lista se encuentra vacia
[2023-04-17 20:11:53] [ ERROR] [GlobalException:15] Error. No se agregaron pacientes, la lista se encuentra vacia
